<?xml version="1.0" encoding="UTF-8"?>
<!-- Generated by org.testng.reporters.JUnitXMLReporter -->
<testsuite hostname="RENTAL03" name="Default test" tests="2" failures="0" timestamp="20 Nov 2019 05:51:18 GMT" time="52.149" errors="0">
  <testcase name="createIuserGroupService" time="36.224" classname="com.ndfs.afc.accounts.ParameterMaintenanceCTA_005Test"/>
  <testcase name="createIuserGroupService" time="36.224" classname="com.ndfs.afc.accounts.ParameterMaintenanceCTA_005Test"/>
</testsuite> <!-- Default test -->
